10:45:12 **** Clean-only build of configuration Debug for project static ****
make clean 
rm -rf  ./src/static.o  ./src/static.d  static
 
10:45:15 **** Build of configuration Debug for project static ****
make all 
Building file: ../src/static.cpp
Invoking: GCC C++ Compiler
g++ -O0 -g3 -Wall -c -fmessage-length=0 -MMD -MP -MF"src/static.d" -MT"src/static.d" -o "src/static.o" "../src/static.cpp"
../src/static.cpp: In function ‘int main()’:
../src/static.cpp:32:18: error: ISO C++ forbids comparison between pointer and integer [-fpermissive]
../src/static.cpp:32:24: error: no matching function for call to ‘std::basic_istream<char>::get(bool)’
../src/static.cpp:32:24: note: candidates are:
/usr/include/c++/4.6/istream:283:7: note: std::basic_istream<_CharT, _Traits>::int_type std::basic_istream<_CharT, _Traits>::get() [with _CharT = char, _Traits = std::char_traits<char>, std::basic_istream<_CharT, _Traits>::int_type = int]
/usr/include/c++/4.6/istream:283:7: note:   candidate expects 0 arguments, 1 provided
/usr/include/c++/4.6/istream:297:7: note: std::basic_istream<_CharT, _Traits>& std::basic_istream<_CharT, _Traits>::get(std::basic_istream<_CharT, _Traits>::char_type&) [with _CharT = char, _Traits = std::char_traits<char>, std::basic_istream<_CharT, _Traits>::char_type = char]
/usr/include/c++/4.6/istream:297:7: note:   no known conversion for argument 1 from ‘bool’ to ‘std::basic_istream<char>::char_type& {aka char&}’
/usr/include/c++/4.6/istream:324:7: note: std::basic_istream<_CharT, _Traits>& std::basic_istream<_CharT, _Traits>::get(std::basic_istream<_CharT, _Traits>::char_type*, std::streamsize, std::basic_istream<_CharT, _Traits>::char_type) [with _CharT = char, _Traits = std::char_traits<char>, std::basic_istream<_CharT, _Traits>::char_type = char, std::streamsize = long int]
/usr/include/c++/4.6/istream:324:7: note:   candidate expects 3 arguments, 1 provided
/usr/include/c++/4.6/istream:335:7: note: std::basic_istream<_CharT, _Traits>::__istream_type& std::basic_istream<_CharT, _Traits>::get(std::basic_istream<_CharT, _Traits>::char_type*, std::streamsize) [with _CharT = char, _Traits = std::char_traits<char>, std::basic_istream<_CharT, _Traits>::__istream_type = std::basic_istream<char>, std::basic_istream<_CharT, _Traits>::char_type = char, std::streamsize = long int]
/usr/include/c++/4.6/istream:335:7: note:   candidate expects 2 arguments, 1 provided
/usr/include/c++/4.6/istream:358:7: note: std::basic_istream<_CharT, _Traits>& std::basic_istream<_CharT, _Traits>::get(std::basic_istream<_CharT, _Traits>::__streambuf_type&, std::basic_istream<_CharT, _Traits>::char_type) [with _CharT = char, _Traits = std::char_traits<char>, std::basic_istream<_CharT, _Traits>::__streambuf_type = std::basic_streambuf<char>, std::basic_istream<_CharT, _Traits>::char_type = char]
/usr/include/c++/4.6/istream:358:7: note:   candidate expects 2 arguments, 1 provided
/usr/include/c++/4.6/istream:368:7: note: std::basic_istream<_CharT, _Traits>::__istream_type& std::basic_istream<_CharT, _Traits>::get(std::basic_istream<_CharT, _Traits>::__streambuf_type&) [with _CharT = char, _Traits = std::char_traits<char>, std::basic_istream<_CharT, _Traits>::__istream_type = std::basic_istream<char>, std::basic_istream<_CharT, _Traits>::__streambuf_type = std::basic_streambuf<char>]
/usr/include/c++/4.6/istream:368:7: note:   no known conversion for argument 1 from ‘bool’ to ‘std::basic_istream<char>::__streambuf_type& {aka std::basic_streambuf<char>&}’
make: *** [src/static.o] 오류 1
10:45:51 **** Incremental Build of configuration Debug for project static ****
make all 
Building file: ../src/static.cpp
Invoking: GCC C++ Compiler
g++ -O0 -g3 -Wall -c -fmessage-length=0 -MMD -MP -MF"src/static.d" -MT"src/static.d" -o "src/static.o" "../src/static.cpp"
Finished building: ../src/static.cpp
 
Building target: static
Invoking: GCC C++ Linker
g++  -o "static"  ./src/static.o   
Finished building target: static
 
10:45:55 **** Incremental Build of configuration Debug for project static ****
make all 
make: `all'를 위해 할 일이 없습니다
10:59:51 **** Build of configuration Debug for project namesp ****
make all 
Building file: ../src/namesp.cpp
Invoking: GCC C++ Compiler
g++ -O0 -g3 -Wall -c -fmessage-length=0 -MMD -MP -MF"src/namesp.d" -MT"src/namesp.d" -o "src/namesp.o" "../src/namesp.cpp"
Finished building: ../src/namesp.cpp
 
Building file: ../src/usenmsp.cpp
Invoking: GCC C++ Compiler
g++ -O0 -g3 -Wall -c -fmessage-length=0 -MMD -MP -MF"src/usenmsp.d" -MT"src/usenmsp.d" -o "src/usenmsp.o" "../src/usenmsp.cpp"
Finished building: ../src/usenmsp.cpp
 
Building target: namesp
Invoking: GCC C++ Linker
g++  -o "namesp"  ./src/namesp.o ./src/usenmsp.o   
./src/usenmsp.o: In function `main':
/root/workspace/namesp/Debug/../src/usenmsp.cpp:16: multiple definition of `main'
./src/namesp.o:/root/workspace/namesp/Debug/../src/namesp.cpp:52: first defined here
collect2: ld returned 1 exit status
make: *** [namesp] 오류 1
11:00:18 **** Incremental Build of configuration Debug for project namesp ****
make all 
Building file: ../src/namesp.cpp
Invoking: GCC C++ Compiler
g++ -O0 -g3 -Wall -c -fmessage-length=0 -MMD -MP -MF"src/namesp.d" -MT"src/namesp.d" -o "src/namesp.o" "../src/namesp.cpp"
Finished building: ../src/namesp.cpp
 
Building target: namesp
Invoking: GCC C++ Linker
g++  -o "namesp"  ./src/namesp.o ./src/usenmsp.o   
Finished building target: namesp
 
11:00:21 **** Incremental Build of configuration Debug for project namesp ****
make all 
make: `all'를 위해 할 일이 없습니다
11:19:47 **** Build of configuration Debug for project stock ****
make all 
Building file: ../src/stock00.cpp
Invoking: GCC C++ Compiler
g++ -O0 -g3 -Wall -c -fmessage-length=0 -MMD -MP -MF"src/stock00.d" -MT"src/stock00.d" -o "src/stock00.o" "../src/stock00.cpp"
Finished building: ../src/stock00.cpp
 
Building file: ../src/usestock0.cpp
Invoking: GCC C++ Compiler
g++ -O0 -g3 -Wall -c -fmessage-length=0 -MMD -MP -MF"src/usestock0.d" -MT"src/usestock0.d" -o "src/usestock0.o" "../src/usestock0.cpp"
Finished building: ../src/usestock0.cpp
 
Building target: stock
Invoking: GCC C++ Linker
g++  -o "stock"  ./src/stock00.o ./src/usestock0.o   
Finished building target: stock
 
11:19:50 **** Incremental Build of configuration Debug for project stock ****
make all 
make: `all'를 위해 할 일이 없습니다
11:20:45 **** Incremental Build of configuration Debug for project stock ****
make all 
Building file: ../src/usestock0.cpp
Invoking: GCC C++ Compiler
g++ -O0 -g3 -Wall -c -fmessage-length=0 -MMD -MP -MF"src/usestock0.d" -MT"src/usestock0.d" -o "src/usestock0.o" "../src/usestock0.cpp"
Finished building: ../src/usestock0.cpp
 
Building target: stock
Invoking: GCC C++ Linker
g++  -o "stock"  ./src/stock00.o ./src/usestock0.o   
Finished building target: stock
 
13:11:44 **** Incremental Build of configuration Debug for project stock ****
make all 
Building file: ../src/stock00.cpp
Invoking: GCC C++ Compiler
g++ -O0 -g3 -Wall -c -fmessage-length=0 -MMD -MP -MF"src/stock00.d" -MT"src/stock00.d" -o "src/stock00.o" "../src/stock00.cpp"
../src/stock00.cpp:19:64: error: default argument given for parameter 2 of ‘Stock::Stock(const string&, long int, double)’ [-fpermissive]
../src/stock00.h:25:2: error: after previous specification in ‘Stock::Stock(const string&, long int, double)’ [-fpermissive]
../src/stock00.cpp:19:64: error: default argument given for parameter 3 of ‘Stock::Stock(const string&, long int, double)’ [-fpermissive]
../src/stock00.h:25:2: error: after previous specification in ‘Stock::Stock(const string&, long int, double)’ [-fpermissive]
make: *** [src/stock00.o] 오류 1
13:11:52 **** Incremental Build of configuration Debug for project stock ****
make all 
Building file: ../src/stock00.cpp
Invoking: GCC C++ Compiler
g++ -O0 -g3 -Wall -c -fmessage-length=0 -MMD -MP -MF"src/stock00.d" -MT"src/stock00.d" -o "src/stock00.o" "../src/stock00.cpp"
../src/stock00.cpp:19:64: error: default argument given for parameter 2 of ‘Stock::Stock(const string&, long int, double)’ [-fpermissive]
../src/stock00.h:25:2: error: after previous specification in ‘Stock::Stock(const string&, long int, double)’ [-fpermissive]
../src/stock00.cpp:19:64: error: default argument given for parameter 3 of ‘Stock::Stock(const string&, long int, double)’ [-fpermissive]
../src/stock00.h:25:2: error: after previous specification in ‘Stock::Stock(const string&, long int, double)’ [-fpermissive]
make: *** [src/stock00.o] 오류 1
13:12:29 **** Incremental Build of configuration Debug for project stock ****
make all 
Building file: ../src/stock00.cpp
Invoking: GCC C++ Compiler
g++ -O0 -g3 -Wall -c -fmessage-length=0 -MMD -MP -MF"src/stock00.d" -MT"src/stock00.d" -o "src/stock00.o" "../src/stock00.cpp"
Finished building: ../src/stock00.cpp
 
Building file: ../src/usestock0.cpp
Invoking: GCC C++ Compiler
g++ -O0 -g3 -Wall -c -fmessage-length=0 -MMD -MP -MF"src/usestock0.d" -MT"src/usestock0.d" -o "src/usestock0.o" "../src/usestock0.cpp"
Finished building: ../src/usestock0.cpp
 
Building target: stock
Invoking: GCC C++ Linker
g++  -o "stock"  ./src/stock00.o ./src/usestock0.o   
Finished building target: stock
 
13:12:33 **** Incremental Build of configuration Debug for project stock ****
make all 
make: `all'를 위해 할 일이 없습니다
13:24:48 **** Incremental Build of configuration Debug for project stock ****
make all 
Building file: ../src/stock00.cpp
Invoking: GCC C++ Compiler
g++ -O0 -g3 -Wall -c -fmessage-length=0 -MMD -MP -MF"src/stock00.d" -MT"src/stock00.d" -o "src/stock00.o" "../src/stock00.cpp"
Finished building: ../src/stock00.cpp
 
Building file: ../src/usestock0.cpp
Invoking: GCC C++ Compiler
g++ -O0 -g3 -Wall -c -fmessage-length=0 -MMD -MP -MF"src/usestock0.d" -MT"src/usestock0.d" -o "src/usestock0.o" "../src/usestock0.cpp"
Finished building: ../src/usestock0.cpp
 
Building target: stock
Invoking: GCC C++ Linker
g++  -o "stock"  ./src/stock00.o ./src/usestock0.o   
Finished building target: stock
 
13:34:18 **** Build of configuration Debug for project stack ****
make all 
Building file: ../stack.cpp
Invoking: GCC C++ Compiler
g++ -O0 -g3 -Wall -c -fmessage-length=0 -MMD -MP -MF"stack.d" -MT"stack.d" -o "stack.o" "../stack.cpp"
Finished building: ../stack.cpp
 
Building target: stack
Invoking: GCC C++ Linker
g++  -o "stack"  ./stack.o   
./stack.o: In function `main':
/root/workspace/stack/Debug/../stack.cpp:16: undefined reference to `Stack::Stack()'
/root/workspace/stack/Debug/../stack.cpp:38: undefined reference to `Stack::isFull() const'
/root/workspace/stack/Debug/../stack.cpp:41: undefined reference to `Stack::push(unsigned long const&)'
/root/workspace/stack/Debug/../stack.cpp:46: undefined reference to `Stack::isEmpty() const'
/root/workspace/stack/Debug/../stack.cpp:49: undefined reference to `Stack::pop(unsigned long&)'
collect2: ld returned 1 exit status
make: *** [stack] 오류 1
13:36:56 **** Incremental Build of configuration Debug for project stack ****
make all 
Building file: ../stack.cpp
Invoking: GCC C++ Compiler
g++ -O0 -g3 -Wall -c -fmessage-length=0 -MMD -MP -MF"stack.d" -MT"stack.d" -o "stack.o" "../stack.cpp"
Finished building: ../stack.cpp
 
Building file: ../stacker.cpp
Invoking: GCC C++ Compiler
g++ -O0 -g3 -Wall -c -fmessage-length=0 -MMD -MP -MF"stacker.d" -MT"stacker.d" -o "stacker.o" "../stacker.cpp"
Finished building: ../stacker.cpp
 
Building target: stack
Invoking: GCC C++ Linker
g++  -o "stack"  ./stack.o ./stacker.o   
Finished building target: stack
 
13:37:01 **** Incremental Build of configuration Debug for project stack ****
make all 
make: `all'를 위해 할 일이 없습니다
13:37:02 **** Incremental Build of configuration Debug for project stack ****
make all 
make: `all'를 위해 할 일이 없습니다
13:50:45 **** Build of configuration Debug for project mytime ****
make all 
Building file: ../mytime0.cpp
Invoking: GCC C++ Compiler
g++ -O0 -g3 -Wall -c -fmessage-length=0 -MMD -MP -MF"mytime0.d" -MT"mytime0.d" -o "mytime0.o" "../mytime0.cpp"
Finished building: ../mytime0.cpp
 
Building file: ../usetime0.cpp
Invoking: GCC C++ Compiler
g++ -O0 -g3 -Wall -c -fmessage-length=0 -MMD -MP -MF"usetime0.d" -MT"usetime0.d" -o "usetime0.o" "../usetime0.cpp"
Finished building: ../usetime0.cpp
 
Building target: mytime
Invoking: GCC C++ Linker
g++  -o "mytime"  ./mytime0.o ./usetime0.o   
Finished building target: mytime
 
13:50:51 **** Incremental Build of configuration Debug for project mytime ****
make all 
make: `all'를 위해 할 일이 없습니다
14:01:21 **** Incremental Build of configuration Debug for project mytime ****
make all 
Building file: ../mytime0.cpp
Invoking: GCC C++ Compiler
g++ -O0 -g3 -Wall -c -fmessage-length=0 -MMD -MP -MF"mytime0.d" -MT"mytime0.d" -o "mytime0.o" "../mytime0.cpp"
Finished building: ../mytime0.cpp
 
Building file: ../usetime0.cpp
Invoking: GCC C++ Compiler
g++ -O0 -g3 -Wall -c -fmessage-length=0 -MMD -MP -MF"usetime0.d" -MT"usetime0.d" -o "usetime0.o" "../usetime0.cpp"
Finished building: ../usetime0.cpp
 
Building target: mytime
Invoking: GCC C++ Linker
g++  -o "mytime"  ./mytime0.o ./usetime0.o   
Finished building target: mytime
 
14:01:24 **** Incremental Build of configuration Debug for project mytime ****
make all 
make: `all'를 위해 할 일이 없습니다
14:25:11 **** Build of configuration Debug for project stone ****
make all 
Building file: ../stone.cpp
Invoking: GCC C++ Compiler
g++ -O0 -g3 -Wall -c -fmessage-length=0 -MMD -MP -MF"stone.d" -MT"stone.d" -o "stone.o" "../stone.cpp"
Finished building: ../stone.cpp
 
Building file: ../stonewt.cpp
Invoking: GCC C++ Compiler
g++ -O0 -g3 -Wall -c -fmessage-length=0 -MMD -MP -MF"stonewt.d" -MT"stonewt.d" -o "stonewt.o" "../stonewt.cpp"
Finished building: ../stonewt.cpp
 
Building target: stone
Invoking: GCC C++ Linker
g++  -o "stone"  ./stone.o ./stonewt.o   
Finished building target: stone
 
14:25:20 **** Incremental Build of configuration Debug for project stone ****
make all 
make: `all'를 위해 할 일이 없습니다
10:35:07 **** Build of configuration Debug for project print ****
make all 
Building file: ../print.c
Invoking: GCC C Compiler
gcc -O0 -g3 -Wall -c -fmessage-length=0 -MMD -MP -MF"print.d" -MT"print.d" -o "print.o" "../print.c"
Finished building: ../print.c
 
Building target: print
Invoking: GCC C Linker
gcc  -o "print"  ./print.o   
Finished building target: print
 
10:35:13 **** Incremental Build of configuration Debug for project print ****
make all 
make: `all'를 위해 할 일이 없습니다
10:36:52 **** Incremental Build of configuration Debug for project print ****
make all 
Building file: ../print.c
Invoking: GCC C Compiler
gcc -O0 -g3 -Wall -c -fmessage-length=0 -MMD -MP -MF"print.d" -MT"print.d" -o "print.o" "../print.c"
Finished building: ../print.c
 
Building target: print
Invoking: GCC C Linker
gcc  -o "print"  ./print.o   
Finished building target: print
 
10:37:19 **** Incremental Build of configuration Debug for project print ****
make all 
Building file: ../print.c
Invoking: GCC C Compiler
gcc -O0 -g3 -Wall -c -fmessage-length=0 -MMD -MP -MF"print.d" -MT"print.d" -o "print.o" "../print.c"
Finished building: ../print.c
 
Building target: print
Invoking: GCC C Linker
gcc  -o "print"  ./print.o   
Finished building target: print
 
10:37:54 **** Incremental Build of configuration Debug for project print ****
make all 
Building file: ../print.c
Invoking: GCC C Compiler
gcc -O0 -g3 -Wall -c -fmessage-length=0 -MMD -MP -MF"print.d" -MT"print.d" -o "print.o" "../print.c"
Finished building: ../print.c
 
Building target: print
Invoking: GCC C Linker
gcc  -o "print"  ./print.o   
Finished building target: print
 
10:38:05 **** Incremental Build of configuration Debug for project print ****
make all 
Building file: ../print.c
Invoking: GCC C Compiler
gcc -O0 -g3 -Wall -c -fmessage-length=0 -MMD -MP -MF"print.d" -MT"print.d" -o "print.o" "../print.c"
Finished building: ../print.c
 
Building target: print
Invoking: GCC C Linker
gcc  -o "print"  ./print.o   
Finished building target: print
 
10:40:10 **** Incremental Build of configuration Debug for project print ****
make all 
Building file: ../print.c
Invoking: GCC C Compiler
gcc -O0 -g3 -Wall -c -fmessage-length=0 -MMD -MP -MF"print.d" -MT"print.d" -o "print.o" "../print.c"
Finished building: ../print.c
 
Building target: print
Invoking: GCC C Linker
gcc  -o "print"  ./print.o   
Finished building target: print
 
10:40:26 **** Incremental Build of configuration Debug for project print ****
make all 
Building file: ../print.c
Invoking: GCC C Compiler
gcc -O0 -g3 -Wall -c -fmessage-length=0 -MMD -MP -MF"print.d" -MT"print.d" -o "print.o" "../print.c"
Finished building: ../print.c
 
Building target: print
Invoking: GCC C Linker
gcc  -o "print"  ./print.o   
Finished building target: print
 
10:43:48 **** Incremental Build of configuration Debug for project print ****
make all 
Building file: ../print.c
Invoking: GCC C Compiler
gcc -O0 -g3 -Wall -c -fmessage-length=0 -MMD -MP -MF"print.d" -MT"print.d" -o "print.o" "../print.c"
Finished building: ../print.c
 
Building target: print
Invoking: GCC C Linker
gcc  -o "print"  ./print.o   
Finished building target: print
 
10:44:54 **** Incremental Build of configuration Debug for project print ****
make all 
Building file: ../print.c
Invoking: GCC C Compiler
gcc -O0 -g3 -Wall -c -fmessage-length=0 -MMD -MP -MF"print.d" -MT"print.d" -o "print.o" "../print.c"
../print.c: In function ‘main’:
../print.c:13:8: warning: unused variable ‘y’ [-Wunused-variable]
Finished building: ../print.c
 
Building target: print
Invoking: GCC C Linker
gcc  -o "print"  ./print.o   
Finished building target: print
 
10:45:04 **** Incremental Build of configuration Debug for project print ****
make all 
Building file: ../print.c
Invoking: GCC C Compiler
gcc -O0 -g3 -Wall -c -fmessage-length=0 -MMD -MP -MF"print.d" -MT"print.d" -o "print.o" "../print.c"
Finished building: ../print.c
 
Building target: print
Invoking: GCC C Linker
gcc  -o "print"  ./print.o   
Finished building target: print
 
10:45:45 **** Incremental Build of configuration Debug for project print ****
make all 
Building file: ../print.c
Invoking: GCC C Compiler
gcc -O0 -g3 -Wall -c -fmessage-length=0 -MMD -MP -MF"print.d" -MT"print.d" -o "print.o" "../print.c"
Finished building: ../print.c
 
Building target: print
Invoking: GCC C Linker
gcc  -o "print"  ./print.o   
Finished building target: print
 
10:50:02 **** Incremental Build of configuration Debug for project print ****
make all 
Building file: ../print.c
Invoking: GCC C Compiler
gcc -O0 -g3 -Wall -c -fmessage-length=0 -MMD -MP -MF"print.d" -MT"print.d" -o "print.o" "../print.c"
Finished building: ../print.c
 
Building target: print
Invoking: GCC C Linker
gcc  -o "print"  ./print.o   
Finished building target: print
 
10:53:17 **** Incremental Build of configuration Debug for project print ****
make all 
Building file: ../print.c
Invoking: GCC C Compiler
gcc -O0 -g3 -Wall -c -fmessage-length=0 -MMD -MP -MF"print.d" -MT"print.d" -o "print.o" "../print.c"
../print.c: In function ‘main’:
../print.c:17:2: warning: format ‘%f’ expects argument of type ‘float *’, but argument 2 has type ‘double *’ [-Wformat]
Finished building: ../print.c
 
Building target: print
Invoking: GCC C Linker
gcc  -o "print"  ./print.o   
Finished building target: print
 
10:54:18 **** Incremental Build of configuration Debug for project print ****
make all 
Building file: ../print.c
Invoking: GCC C Compiler
gcc -O0 -g3 -Wall -c -fmessage-length=0 -MMD -MP -MF"print.d" -MT"print.d" -o "print.o" "../print.c"
Finished building: ../print.c
 
Building target: print
Invoking: GCC C Linker
gcc  -o "print"  ./print.o   
Finished building target: print
 
10:56:02 **** Incremental Build of configuration Debug for project print ****
make all 
Building file: ../print.c
Invoking: GCC C Compiler
gcc -O0 -g3 -Wall -c -fmessage-length=0 -MMD -MP -MF"print.d" -MT"print.d" -o "print.o" "../print.c"
Finished building: ../print.c
 
Building target: print
Invoking: GCC C Linker
gcc  -o "print"  ./print.o   
Finished building target: print
 
10:56:11 **** Incremental Build of configuration Debug for project print ****
make all 
Building file: ../print.c
Invoking: GCC C Compiler
gcc -O0 -g3 -Wall -c -fmessage-length=0 -MMD -MP -MF"print.d" -MT"print.d" -o "print.o" "../print.c"
Finished building: ../print.c
 
Building target: print
Invoking: GCC C Linker
gcc  -o "print"  ./print.o   
Finished building target: print
 
10:57:36 **** Incremental Build of configuration Debug for project print ****
make all 
Building file: ../print.c
Invoking: GCC C Compiler
gcc -O0 -g3 -Wall -c -fmessage-length=0 -MMD -MP -MF"print.d" -MT"print.d" -o "print.o" "../print.c"
Finished building: ../print.c
 
Building target: print
Invoking: GCC C Linker
gcc  -o "print"  ./print.o   
Finished building target: print
 
10:57:48 **** Incremental Build of configuration Debug for project print ****
make all 
Building file: ../print.c
Invoking: GCC C Compiler
gcc -O0 -g3 -Wall -c -fmessage-length=0 -MMD -MP -MF"print.d" -MT"print.d" -o "print.o" "../print.c"
Finished building: ../print.c
 
Building target: print
Invoking: GCC C Linker
gcc  -o "print"  ./print.o   
Finished building target: print
 
10:59:27 **** Incremental Build of configuration Debug for project print ****
make all 
Building file: ../print.c
Invoking: GCC C Compiler
gcc -O0 -g3 -Wall -c -fmessage-length=0 -MMD -MP -MF"print.d" -MT"print.d" -o "print.o" "../print.c"
Finished building: ../print.c
 
Building target: print
Invoking: GCC C Linker
gcc  -o "print"  ./print.o   
Finished building target: print
 
11:03:23 **** Incremental Build of configuration Debug for project print ****
make all 
Building file: ../print.c
Invoking: GCC C Compiler
gcc -O0 -g3 -Wall -c -fmessage-length=0 -MMD -MP -MF"print.d" -MT"print.d" -o "print.o" "../print.c"
Finished building: ../print.c
 
Building target: print
Invoking: GCC C Linker
gcc  -o "print"  ./print.o   
Finished building target: print
 
11:03:28 **** Incremental Build of configuration Debug for project print ****
make all 
make: `all'를 위해 할 일이 없습니다
11:04:43 **** Incremental Build of configuration Debug for project print ****
make all 
Building file: ../print.c
Invoking: GCC C Compiler
gcc -O0 -g3 -Wall -c -fmessage-length=0 -MMD -MP -MF"print.d" -MT"print.d" -o "print.o" "../print.c"
Finished building: ../print.c
 
Building target: print
Invoking: GCC C Linker
gcc  -o "print"  ./print.o   
Finished building target: print
 
11:05:38 **** Incremental Build of configuration Debug for project print ****
make all 
Building file: ../print.c
Invoking: GCC C Compiler
gcc -O0 -g3 -Wall -c -fmessage-length=0 -MMD -MP -MF"print.d" -MT"print.d" -o "print.o" "../print.c"
Finished building: ../print.c
 
Building target: print
Invoking: GCC C Linker
gcc  -o "print"  ./print.o   
Finished building target: print
 
11:05:50 **** Incremental Build of configuration Debug for project print ****
make all 
Building file: ../print.c
Invoking: GCC C Compiler
gcc -O0 -g3 -Wall -c -fmessage-length=0 -MMD -MP -MF"print.d" -MT"print.d" -o "print.o" "../print.c"
Finished building: ../print.c
 
Building target: print
Invoking: GCC C Linker
gcc  -o "print"  ./print.o   
Finished building target: print
 
11:09:24 **** Incremental Build of configuration Debug for project print ****
make all 
Building file: ../print.c
Invoking: GCC C Compiler
gcc -O0 -g3 -Wall -c -fmessage-length=0 -MMD -MP -MF"print.d" -MT"print.d" -o "print.o" "../print.c"
Finished building: ../print.c
 
Building target: print
Invoking: GCC C Linker
gcc  -o "print"  ./print.o   
Finished building target: print
 
11:16:08 **** Incremental Build of configuration Debug for project print ****
make all 
Building file: ../print.c
Invoking: GCC C Compiler
gcc -O0 -g3 -Wall -c -fmessage-length=0 -MMD -MP -MF"print.d" -MT"print.d" -o "print.o" "../print.c"
Finished building: ../print.c
 
Building target: print
Invoking: GCC C Linker
gcc  -o "print"  ./print.o   
Finished building target: print
 
11:16:20 **** Incremental Build of configuration Debug for project print ****
make all 
Building file: ../print.c
Invoking: GCC C Compiler
gcc -O0 -g3 -Wall -c -fmessage-length=0 -MMD -MP -MF"print.d" -MT"print.d" -o "print.o" "../print.c"
Finished building: ../print.c
 
Building target: print
Invoking: GCC C Linker
gcc  -o "print"  ./print.o   
Finished building target: print
 
11:17:41 **** Incremental Build of configuration Debug for project print ****
make all 
Building file: ../print.c
Invoking: GCC C Compiler
gcc -O0 -g3 -Wall -c -fmessage-length=0 -MMD -MP -MF"print.d" -MT"print.d" -o "print.o" "../print.c"
Finished building: ../print.c
 
Building target: print
Invoking: GCC C Linker
gcc  -o "print"  ./print.o   
Finished building target: print
 
11:18:07 **** Incremental Build of configuration Debug for project print ****
make all 
Building file: ../print.c
Invoking: GCC C Compiler
gcc -O0 -g3 -Wall -c -fmessage-length=0 -MMD -MP -MF"print.d" -MT"print.d" -o "print.o" "../print.c"
Finished building: ../print.c
 
Building target: print
Invoking: GCC C Linker
gcc  -o "print"  ./print.o   
Finished building target: print
 
11:21:04 **** Incremental Build of configuration Debug for project print ****
make all 
Building file: ../print.c
Invoking: GCC C Compiler
gcc -O0 -g3 -Wall -c -fmessage-length=0 -MMD -MP -MF"print.d" -MT"print.d" -o "print.o" "../print.c"
Finished building: ../print.c
 
Building target: print
Invoking: GCC C Linker
gcc  -o "print"  ./print.o   
Finished building target: print
 
11:22:00 **** Incremental Build of configuration Debug for project print ****
make all 
Building file: ../print.c
Invoking: GCC C Compiler
gcc -O0 -g3 -Wall -c -fmessage-length=0 -MMD -MP -MF"print.d" -MT"print.d" -o "print.o" "../print.c"
Finished building: ../print.c
 
Building target: print
Invoking: GCC C Linker
gcc  -o "print"  ./print.o   
Finished building target: print
 
11:25:20 **** Incremental Build of configuration Debug for project print ****
make all 
Building file: ../print.c
Invoking: GCC C Compiler
gcc -O0 -g3 -Wall -c -fmessage-length=0 -MMD -MP -MF"print.d" -MT"print.d" -o "print.o" "../print.c"
Finished building: ../print.c
 
Building target: print
Invoking: GCC C Linker
gcc  -o "print"  ./print.o   
Finished building target: print
 
11:25:30 **** Incremental Build of configuration Debug for project print ****
make all 
Building file: ../print.c
Invoking: GCC C Compiler
gcc -O0 -g3 -Wall -c -fmessage-length=0 -MMD -MP -MF"print.d" -MT"print.d" -o "print.o" "../print.c"
Finished building: ../print.c
 
Building target: print
Invoking: GCC C Linker
gcc  -o "print"  ./print.o   
Finished building target: print
 
11:26:52 **** Incremental Build of configuration Debug for project print ****
make all 
Building file: ../print.c
Invoking: GCC C Compiler
gcc -O0 -g3 -Wall -c -fmessage-length=0 -MMD -MP -MF"print.d" -MT"print.d" -o "print.o" "../print.c"
Finished building: ../print.c
 
Building target: print
Invoking: GCC C Linker
gcc  -o "print"  ./print.o   
Finished building target: print
 
11:28:09 **** Incremental Build of configuration Debug for project print ****
make all 
Building file: ../print.c
Invoking: GCC C Compiler
gcc -O0 -g3 -Wall -c -fmessage-length=0 -MMD -MP -MF"print.d" -MT"print.d" -o "print.o" "../print.c"
Finished building: ../print.c
 
Building target: print
Invoking: GCC C Linker
gcc  -o "print"  ./print.o   
Finished building target: print
 
11:29:34 **** Incremental Build of configuration Debug for project print ****
make all 
Building file: ../print.c
Invoking: GCC C Compiler
gcc -O0 -g3 -Wall -c -fmessage-length=0 -MMD -MP -MF"print.d" -MT"print.d" -o "print.o" "../print.c"
Finished building: ../print.c
 
Building target: print
Invoking: GCC C Linker
gcc  -o "print"  ./print.o   
Finished building target: print
 
11:31:07 **** Incremental Build of configuration Debug for project print ****
make all 
Building file: ../print.c
Invoking: GCC C Compiler
gcc -O0 -g3 -Wall -c -fmessage-length=0 -MMD -MP -MF"print.d" -MT"print.d" -o "print.o" "../print.c"
Finished building: ../print.c
 
Building target: print
Invoking: GCC C Linker
gcc  -o "print"  ./print.o   
Finished building target: print
 
12:45:34 **** Build of configuration Debug for project print ****
make all 
Building file: ../print.c
Invoking: GCC C Compiler
gcc -O0 -g3 -Wall -c -fmessage-length=0 -MMD -MP -MF"print.d" -MT"print.d" -o "print.o" "../print.c"
Finished building: ../print.c
 
Building target: print
Invoking: GCC C Linker
gcc  -o "print"  ./print.o   
Finished building target: print
 
12:45:59 **** Incremental Build of configuration Debug for project print ****
make all 
Building file: ../print.c
Invoking: GCC C Compiler
gcc -O0 -g3 -Wall -c -fmessage-length=0 -MMD -MP -MF"print.d" -MT"print.d" -o "print.o" "../print.c"
Finished building: ../print.c
 
Building target: print
Invoking: GCC C Linker
gcc  -o "print"  ./print.o   
Finished building target: print
 
12:47:14 **** Incremental Build of configuration Debug for project print ****
make all 
Building file: ../print.c
Invoking: GCC C Compiler
gcc -O0 -g3 -Wall -c -fmessage-length=0 -MMD -MP -MF"print.d" -MT"print.d" -o "print.o" "../print.c"
Finished building: ../print.c
 
Building target: print
Invoking: GCC C Linker
gcc  -o "print"  ./print.o   
Finished building target: print
 
12:53:11 **** Build of configuration Debug for project print ****
make all 
Building file: ../print.c
Invoking: GCC C Compiler
gcc -O0 -g3 -Wall -c -fmessage-length=0 -MMD -MP -MF"print.d" -MT"print.d" -o "print.o" "../print.c"
Finished building: ../print.c
 
Building target: print
Invoking: GCC C Linker
gcc  -o "print"  ./print.o   
Finished building target: print
 
12:53:38 **** Incremental Build of configuration Debug for project print ****
make all 
Building file: ../print.c
Invoking: GCC C Compiler
gcc -O0 -g3 -Wall -c -fmessage-length=0 -MMD -MP -MF"print.d" -MT"print.d" -o "print.o" "../print.c"
Finished building: ../print.c
 
Building target: print
Invoking: GCC C Linker
gcc  -o "print"  ./print.o   
Finished building target: print
 
12:55:24 **** Build of configuration Debug for project print ****
make all 
Building file: ../print.c
Invoking: GCC C Compiler
gcc -O0 -g3 -Wall -c -fmessage-length=0 -MMD -MP -MF"print.d" -MT"print.d" -o "print.o" "../print.c"
Finished building: ../print.c
 
Building target: print
Invoking: GCC C Linker
gcc  -o "print"  ./print.o   
Finished building target: print
 
12:57:38 **** Incremental Build of configuration Debug for project print ****
make all 
Building file: ../print.c
Invoking: GCC C Compiler
gcc -O0 -g3 -Wall -c -fmessage-length=0 -MMD -MP -MF"print.d" -MT"print.d" -o "print.o" "../print.c"
Finished building: ../print.c
 
Building target: print
Invoking: GCC C Linker
gcc  -o "print"  ./print.o   
Finished building target: print
 
12:58:13 **** Incremental Build of configuration Debug for project print ****
make all 
Building file: ../print.c
Invoking: GCC C Compiler
gcc -O0 -g3 -Wall -c -fmessage-length=0 -MMD -MP -MF"print.d" -MT"print.d" -o "print.o" "../print.c"
Finished building: ../print.c
 
Building target: print
Invoking: GCC C Linker
gcc  -o "print"  ./print.o   
Finished building target: print
 
12:59:19 **** Incremental Build of configuration Debug for project print ****
make all 
Building file: ../print.c
Invoking: GCC C Compiler
gcc -O0 -g3 -Wall -c -fmessage-length=0 -MMD -MP -MF"print.d" -MT"print.d" -o "print.o" "../print.c"
Finished building: ../print.c
 
Building target: print
Invoking: GCC C Linker
gcc  -o "print"  ./print.o   
Finished building target: print
 
12:59:53 **** Incremental Build of configuration Debug for project print ****
make all 
Building file: ../print.c
Invoking: GCC C Compiler
gcc -O0 -g3 -Wall -c -fmessage-length=0 -MMD -MP -MF"print.d" -MT"print.d" -o "print.o" "../print.c"
Finished building: ../print.c
 
Building target: print
Invoking: GCC C Linker
gcc  -o "print"  ./print.o   
Finished building target: print
 
13:00:20 **** Incremental Build of configuration Debug for project print ****
make all 
Building file: ../print.c
Invoking: GCC C Compiler
gcc -O0 -g3 -Wall -c -fmessage-length=0 -MMD -MP -MF"print.d" -MT"print.d" -o "print.o" "../print.c"
Finished building: ../print.c
 
Building target: print
Invoking: GCC C Linker
gcc  -o "print"  ./print.o   
Finished building target: print
 
13:00:32 **** Incremental Build of configuration Debug for project print ****
make all 
Building file: ../print.c
Invoking: GCC C Compiler
gcc -O0 -g3 -Wall -c -fmessage-length=0 -MMD -MP -MF"print.d" -MT"print.d" -o "print.o" "../print.c"
Finished building: ../print.c
 
Building target: print
Invoking: GCC C Linker
gcc  -o "print"  ./print.o   
Finished building target: print
 
13:03:04 **** Incremental Build of configuration Debug for project print ****
make all 
Building file: ../print.c
Invoking: GCC C Compiler
gcc -O0 -g3 -Wall -c -fmessage-length=0 -MMD -MP -MF"print.d" -MT"print.d" -o "print.o" "../print.c"
../print.c: In function ‘main’:
../print.c:14:7: warning: unused variable ‘c’ [-Wunused-variable]
Finished building: ../print.c
 
Building target: print
Invoking: GCC C Linker
gcc  -o "print"  ./print.o   
Finished building target: print
 
13:04:57 **** Incremental Build of configuration Debug for project print ****
make all 
make: `all'를 위해 할 일이 없습니다
13:09:04 **** Incremental Build of configuration Debug for project print ****
make all 
Building file: ../print.c
Invoking: GCC C Compiler
gcc -O0 -g3 -Wall -c -fmessage-length=0 -MMD -MP -MF"print.d" -MT"print.d" -o "print.o" "../print.c"
Finished building: ../print.c
 
Building target: print
Invoking: GCC C Linker
gcc  -o "print"  ./print.o   
Finished building target: print
 
13:11:22 **** Incremental Build of configuration Debug for project print ****
make all 
Building file: ../print.c
Invoking: GCC C Compiler
gcc -O0 -g3 -Wall -c -fmessage-length=0 -MMD -MP -MF"print.d" -MT"print.d" -o "print.o" "../print.c"
Finished building: ../print.c
 
Building target: print
Invoking: GCC C Linker
gcc  -o "print"  ./print.o   
Finished building target: print
 
13:16:33 **** Incremental Build of configuration Debug for project print ****
make all 
Building file: ../print.c
Invoking: GCC C Compiler
gcc -O0 -g3 -Wall -c -fmessage-length=0 -MMD -MP -MF"print.d" -MT"print.d" -o "print.o" "../print.c"
Finished building: ../print.c
 
Building target: print
Invoking: GCC C Linker
gcc  -o "print"  ./print.o   
Finished building target: print
 
13:16:49 **** Incremental Build of configuration Debug for project print ****
make all 
make: `all'를 위해 할 일이 없습니다
13:20:18 **** Incremental Build of configuration Debug for project print ****
make all 
Building file: ../print.c
Invoking: GCC C Compiler
gcc -O0 -g3 -Wall -c -fmessage-length=0 -MMD -MP -MF"print.d" -MT"print.d" -o "print.o" "../print.c"
Finished building: ../print.c
 
Building target: print
Invoking: GCC C Linker
gcc  -o "print"  ./print.o   
Finished building target: print
 
13:23:28 **** Incremental Build of configuration Debug for project print ****
make all 
Building file: ../print.c
Invoking: GCC C Compiler
gcc -O0 -g3 -Wall -c -fmessage-length=0 -MMD -MP -MF"print.d" -MT"print.d" -o "print.o" "../print.c"
Finished building: ../print.c
 
Building target: print
Invoking: GCC C Linker
gcc  -o "print"  ./print.o   
Finished building target: print
 
13:25:57 **** Incremental Build of configuration Debug for project print ****
make all 
Building file: ../print.c
Invoking: GCC C Compiler
gcc -O0 -g3 -Wall -c -fmessage-length=0 -MMD -MP -MF"print.d" -MT"print.d" -o "print.o" "../print.c"
../print.c:11:19: error: expected ‘;’, ‘,’ or ‘)’ before ‘a’
../print.c:28:19: error: expected ‘;’, ‘,’ or ‘)’ before ‘a’
make: *** [print.o] 오류 1
13:27:02 **** Incremental Build of configuration Debug for project print ****
make all 
Building file: ../print.c
Invoking: GCC C Compiler
gcc -O0 -g3 -Wall -c -fmessage-length=0 -MMD -MP -MF"print.d" -MT"print.d" -o "print.o" "../print.c"
../print.c:11:5: error: expected identifier or ‘(’ before ‘[’ token
../print.c:28:5: error: expected identifier or ‘(’ before ‘[’ token
make: *** [print.o] 오류 1
13:27:08 **** Incremental Build of configuration Debug for project print ****
make all 
Building file: ../print.c
Invoking: GCC C Compiler
gcc -O0 -g3 -Wall -c -fmessage-length=0 -MMD -MP -MF"print.d" -MT"print.d" -o "print.o" "../print.c"
../print.c:11:5: error: expected identifier or ‘(’ before ‘[’ token
../print.c:28:5: error: expected identifier or ‘(’ before ‘[’ token
make: *** [print.o] 오류 1
13:27:42 **** Incremental Build of configuration Debug for project print ****
make all 
Building file: ../print.c
Invoking: GCC C Compiler
gcc -O0 -g3 -Wall -c -fmessage-length=0 -MMD -MP -MF"print.d" -MT"print.d" -o "print.o" "../print.c"
../print.c:11:4: error: expected identifier or ‘(’ before ‘[’ token
../print.c:26:4: error: expected identifier or ‘(’ before ‘[’ token
make: *** [print.o] 오류 1
13:30:40 **** Incremental Build of configuration Debug for project print ****
make all 
Building file: ../print.c
Invoking: GCC C Compiler
gcc -O0 -g3 -Wall -c -fmessage-length=0 -MMD -MP -MF"print.d" -MT"print.d" -o "print.o" "../print.c"
Finished building: ../print.c
 
Building target: print
Invoking: GCC C Linker
gcc  -o "print"  ./print.o   
Finished building target: print
 
13:38:21 **** Incremental Build of configuration Debug for project print ****
make all 
Building file: ../print.c
Invoking: GCC C Compiler
gcc -O0 -g3 -Wall -c -fmessage-length=0 -MMD -MP -MF"print.d" -MT"print.d" -o "print.o" "../print.c"
../print.c: In function ‘main’:
../print.c:16:2: warning: format ‘%p’ expects argument of type ‘void *’, but argument 3 has type ‘int’ [-Wformat]
Finished building: ../print.c
 
Building target: print
Invoking: GCC C Linker
gcc  -o "print"  ./print.o   
Finished building target: print
 
13:38:31 **** Incremental Build of configuration Debug for project print ****
make all 
Building file: ../print.c
Invoking: GCC C Compiler
gcc -O0 -g3 -Wall -c -fmessage-length=0 -MMD -MP -MF"print.d" -MT"print.d" -o "print.o" "../print.c"
Finished building: ../print.c
 
Building target: print
Invoking: GCC C Linker
gcc  -o "print"  ./print.o   
Finished building target: print
 
13:39:08 **** Incremental Build of configuration Debug for project print ****
make all 
Building file: ../print.c
Invoking: GCC C Compiler
gcc -O0 -g3 -Wall -c -fmessage-length=0 -MMD -MP -MF"print.d" -MT"print.d" -o "print.o" "../print.c"
Finished building: ../print.c
 
Building target: print
Invoking: GCC C Linker
gcc  -o "print"  ./print.o   
Finished building target: print
 
10:47:24 **** Incremental Build of configuration Debug for project print ****
make all 
Building file: ../print.c
Invoking: GCC C Compiler
gcc -O0 -g3 -Wall -c -fmessage-length=0 -MMD -MP -MF"print.d" -MT"print.d" -o "print.o" "../print.c"
../print.c: In function ‘main’:
../print.c:12:2: warning: format ‘%d’ expects argument of type ‘int’, but argument 2 has type ‘long unsigned int’ [-Wformat]
../print.c:13:2: warning: format ‘%d’ expects argument of type ‘int’, but argument 2 has type ‘long unsigned int’ [-Wformat]
../print.c:14:2: warning: format ‘%d’ expects argument of type ‘int’, but argument 2 has type ‘long unsigned int’ [-Wformat]
../print.c:15:2: warning: format ‘%d’ expects argument of type ‘int’, but argument 2 has type ‘long unsigned int’ [-Wformat]
../print.c:16:2: warning: format ‘%d’ expects argument of type ‘int’, but argument 2 has type ‘long unsigned int’ [-Wformat]
../print.c:17:2: warning: format ‘%d’ expects argument of type ‘int’, but argument 2 has type ‘long unsigned int’ [-Wformat]
../print.c:19:2: warning: format ‘%d’ expects argument of type ‘int’, but argument 2 has type ‘long unsigned int’ [-Wformat]
../print.c:20:2: warning: format ‘%d’ expects argument of type ‘int’, but argument 2 has type ‘long unsigned int’ [-Wformat]
../print.c:21:2: warning: format ‘%d’ expects argument of type ‘int’, but argument 2 has type ‘long unsigned int’ [-Wformat]
../print.c:22:2: warning: format ‘%d’ expects argument of type ‘int’, but argument 2 has type ‘long unsigned int’ [-Wformat]
Finished building: ../print.c
 
Building target: print
Invoking: GCC C Linker
gcc  -o "print"  ./print.o   
Finished building target: print
 
10:47:46 **** Incremental Build of configuration Debug for project print ****
make all 
Building file: ../print.c
Invoking: GCC C Compiler
gcc -O0 -g3 -Wall -c -fmessage-length=0 -MMD -MP -MF"print.d" -MT"print.d" -o "print.o" "../print.c"
../print.c: In function ‘main’:
../print.c:12:2: warning: format ‘%d’ expects argument of type ‘int’, but argument 2 has type ‘long unsigned int’ [-Wformat]
../print.c:13:2: warning: format ‘%d’ expects argument of type ‘int’, but argument 2 has type ‘long unsigned int’ [-Wformat]
../print.c:14:2: warning: format ‘%d’ expects argument of type ‘int’, but argument 2 has type ‘long unsigned int’ [-Wformat]
../print.c:15:2: warning: format ‘%d’ expects argument of type ‘int’, but argument 2 has type ‘long unsigned int’ [-Wformat]
../print.c:16:2: warning: format ‘%d’ expects argument of type ‘int’, but argument 2 has type ‘long unsigned int’ [-Wformat]
../print.c:17:2: warning: format ‘%d’ expects argument of type ‘int’, but argument 2 has type ‘long unsigned int’ [-Wformat]
../print.c:19:2: warning: format ‘%d’ expects argument of type ‘int’, but argument 2 has type ‘long unsigned int’ [-Wformat]
../print.c:20:2: warning: format ‘%d’ expects argument of type ‘int’, but argument 2 has type ‘long unsigned int’ [-Wformat]
../print.c:21:2: warning: format ‘%d’ expects argument of type ‘int’, but argument 2 has type ‘long unsigned int’ [-Wformat]
../print.c:22:2: warning: format ‘%d’ expects argument of type ‘int’, but argument 2 has type ‘long unsigned int’ [-Wformat]
Finished building: ../print.c
 
Building target: print
Invoking: GCC C Linker
gcc  -o "print"  ./print.o   
Finished building target: print
 
11:22:00 **** Incremental Build of configuration Debug for project print ****
make all 
Building file: ../print.c
Invoking: GCC C Compiler
gcc -O0 -g3 -Wall -c -fmessage-length=0 -MMD -MP -MF"print.d" -MT"print.d" -o "print.o" "../print.c"
Finished building: ../print.c
 
Building target: print
Invoking: GCC C Linker
gcc  -o "print"  ./print.o   
Finished building target: print
 
